0 info it worked if it ends with ok
1 verbose cli [ 'node',
1 verbose cli   '/Users/petrp/.nvm/v0.10.32/bin/npm',
1 verbose cli   'install',
1 verbose cli   'tsd',
1 verbose cli   '-g' ]
2 info using npm@2.7.6
3 info using node@v0.10.32
4 verbose install initial load of /Users/petrp/.nvm/v0.10.32/lib/package.json
5 verbose readDependencies loading dependencies from /Users/petrp/.nvm/v0.10.32/lib/package.json
6 silly cache add args [ 'tsd', null ]
7 verbose cache add spec tsd
8 silly cache add parsed spec { raw: 'tsd',
8 silly cache add   scope: null,
8 silly cache add   name: 'tsd',
8 silly cache add   rawSpec: '',
8 silly cache add   spec: '*',
8 silly cache add   type: 'range' }
9 silly addNamed tsd@*
10 verbose addNamed "*" is a valid semver range for tsd
11 silly addNameRange { name: 'tsd', range: '*', hasData: false }
12 silly mapToRegistry name tsd
13 silly mapToRegistry using default registry
14 silly mapToRegistry registry https://registry.npmjs.org/
15 silly mapToRegistry uri https://registry.npmjs.org/tsd
16 verbose addNameRange registry:https://registry.npmjs.org/tsd not in flight; fetching
17 verbose request uri https://registry.npmjs.org/tsd
18 verbose request no auth needed
19 info attempt registry request try #1 at 21:39:43
20 verbose request id 249c0e365d57da04
21 verbose etag "34B3QRHUZMD1GEITMOM8N5HO6"
22 http request GET https://registry.npmjs.org/tsd
23 http 304 https://registry.npmjs.org/tsd
24 silly get cb [ 304,
24 silly get   { date: 'Mon, 08 Feb 2016 20:39:26 GMT',
24 silly get     via: '1.1 varnish',
24 silly get     'cache-control': 'max-age=300',
24 silly get     etag: '"34B3QRHUZMD1GEITMOM8N5HO6"',
24 silly get     age: '0',
24 silly get     connection: 'keep-alive',
24 silly get     'x-served-by': 'cache-fra1228-FRA',
24 silly get     'x-cache': 'HIT',
24 silly get     'x-cache-hits': '1',
24 silly get     'x-timer': 'S1454963966.384413,VS0,VE112',
24 silly get     vary: 'Accept' } ]
25 verbose etag https://registry.npmjs.org/tsd from cache
26 verbose get saving tsd to /Users/petrp/.npm/registry.npmjs.org/tsd/.cache.json
27 silly addNameRange number 2 { name: 'tsd', range: '*', hasData: true }
28 silly addNameRange versions [ 'tsd',
28 silly addNameRange   [ '0.1.0',
28 silly addNameRange     '0.1.1',
28 silly addNameRange     '0.1.2',
28 silly addNameRange     '0.2.0',
28 silly addNameRange     '0.2.1',
28 silly addNameRange     '0.2.2',
28 silly addNameRange     '0.3.0',
28 silly addNameRange     '0.3.1',
28 silly addNameRange     '0.5.2',
28 silly addNameRange     '0.5.3',
28 silly addNameRange     '0.5.5',
28 silly addNameRange     '0.5.6',
28 silly addNameRange     '0.5.7',
28 silly addNameRange     '0.6.0-beta.1',
28 silly addNameRange     '0.6.0-beta.2',
28 silly addNameRange     '0.6.0-beta.3',
28 silly addNameRange     '0.6.0-beta.4',
28 silly addNameRange     '0.6.0-beta.5',
28 silly addNameRange     '0.6.0',
28 silly addNameRange     '0.6.1',
28 silly addNameRange     '0.6.3',
28 silly addNameRange     '0.6.4-beta',
28 silly addNameRange     '0.6.4',
28 silly addNameRange     '0.6.5-beta',
28 silly addNameRange     '0.6.5-beta.2',
28 silly addNameRange     '0.6.5' ] ]
29 silly addNamed tsd@0.6.5
30 verbose addNamed "0.6.5" is a plain semver version for tsd
31 warn deprecated tsd@0.6.5: TSD is deprecated in favor of Typings (https://github.com/typings/typings) - see https://github.com/DefinitelyTyped/tsd/issues/269 for more information
32 silly cache afterAdd tsd@0.6.5
33 verbose afterAdd /Users/petrp/.npm/tsd/0.6.5/package/package.json not in flight; writing
34 verbose afterAdd /Users/petrp/.npm/tsd/0.6.5/package/package.json written
35 silly install resolved [ { name: 'tsd',
35 silly install resolved     version: '0.6.5',
35 silly install resolved     description: 'TypeScript Definition manager for DefinitelyTyped',
35 silly install resolved     keywords: [ 'typescript', 'definition', 'package', 'manager' ],
35 silly install resolved     homepage: 'https://github.com/DefinitelyTyped/tsd',
35 silly install resolved     repository:
35 silly install resolved      { type: 'git',
35 silly install resolved        url: 'git+https://github.com/DefinitelyTyped/tsd.git' },
35 silly install resolved     author:
35 silly install resolved      { name: 'Bart van der Schoor',
35 silly install resolved        url: 'https://github.com/Bartvds' },
35 silly install resolved     contributors: [ [Object] ],
35 silly install resolved     licenses: [ [Object] ],
35 silly install resolved     bugs: { url: 'https://github.com/DefinitelyTyped/tsd/issues' },
35 silly install resolved     preferGlobal: true,
35 silly install resolved     engines: { node: '>= 0.10.0' },
35 silly install resolved     main: './build/api.js',
35 silly install resolved     bin: { tsd: './build/cli.js' },
35 silly install resolved     scripts: { test: 'grunt test', prepublish: 'grunt pre_publish' },
35 silly install resolved     dependencies:
35 silly install resolved      { 'assertion-error': '1.0.0',
35 silly install resolved        bl: '^0.9.3',
35 silly install resolved        bluebird: '~1.2.4',
35 silly install resolved        chalk: '^1.0.0',
35 silly install resolved        colors: '^1.1.0',
35 silly install resolved        'deep-freeze': '0.0.1',
35 silly install resolved        'definition-header': '~0.1.0',
35 silly install resolved        'detect-indent': '^0.2.0',
35 silly install resolved        diff: '^1.4.0',
35 silly install resolved        'event-stream': '~3.1.5',
35 silly install resolved        exit: '~0.1.2',
35 silly install resolved        glob: '^4.0.6',
35 silly install resolved        joi: '^4.7.0',
35 silly install resolved        'joi-assert': '0.0.3',
35 silly install resolved        jsesc: '^0.5.0',
35 silly install resolved        'json-pointer': '^0.2.2',
35 silly install resolved        'lazy.js': '~0.3.2',
35 silly install resolved        'lru-cache': '~2.5.0',
35 silly install resolved        minimatch: '^1.0.0',
35 silly install resolved        minimist: '^1.1.0',
35 silly install resolved        ministyle: '~0.1.3',
35 silly install resolved        minitable: '0.0.4',
35 silly install resolved        miniwrite: '~0.1.3',
35 silly install resolved        mkdirp: '~0.5.0',
35 silly install resolved        open: '~0.0.5',
35 silly install resolved        request: '^2.45.0',
35 silly install resolved        rimraf: '~2.2.8',
35 silly install resolved        semver: '^4.3.1',
35 silly install resolved        'type-detect': '~0.1.2',
35 silly install resolved        'universal-analytics': '~0.3.4',
35 silly install resolved        'update-notifier': '^0.2.2',
35 silly install resolved        'uri-templates': '~0.1.5',
35 silly install resolved        uuid: '^2.0.1',
35 silly install resolved        verror: '~1.4.0' },
35 silly install resolved     devDependencies:
35 silly install resolved      { chai: '~1.9.1',
35 silly install resolved        'chai-as-promised': '~4.1.1',
35 silly install resolved        'chai-fs': '^0.1.0',
35 silly install resolved        'chai-fuzzy': '~1.4.0',
35 silly install resolved        'chai-shallow-deep-equal': '0.0.3',
35 silly install resolved        grunt: '~0.4.4',
35 silly install resolved        'grunt-contrib-clean': '^0.6.0',
35 silly install resolved        'grunt-contrib-connect': '~0.8.0',
35 silly install resolved        'grunt-contrib-copy': '^0.6.0',
35 silly install resolved        'grunt-contrib-jshint': '^0.10.0',
35 silly install resolved        'grunt-mocha-test': '^0.12.1',
35 silly install resolved        'grunt-regex-replace': '~0.2.5',
35 silly install resolved        'grunt-shell': '^1.1.1',
35 silly install resolved        'grunt-todos': '~0.3.0',
35 silly install resolved        'grunt-ts': '4.1.0',
35 silly install resolved        'grunt-ts-clean': '~0.2.0',
35 silly install resolved        'grunt-tslint': 'git+https://github.com/Bartvds/grunt-tslint.git#feature/multi',
35 silly install resolved        'grunt-tv4': '~0.4.0',
35 silly install resolved        'gruntfile-gtx': '^0.3.0',
35 silly install resolved        'jshint-path-reporter': '~0.1',
35 silly install resolved        mocha: '^1.21.4',
35 silly install resolved        'mocha-unfunk-reporter': '^0.4.0',
35 silly install resolved        ncp: '^1.0.1',
35 silly install resolved        'package.json-schema': '~0.2.0',
35 silly install resolved        'source-map-support': '~0.2.6',
35 silly install resolved        'time-grunt': '^1.0.0',
35 silly install resolved        'tslint-path-formatter': '~0.1.1',
35 silly install resolved        typescript: '1.5.3',
35 silly install resolved        'dir-compare': '^0.0.2' },
35 silly install resolved     gitHead: 'b6f7933b12a6f435deadcb042e14ab5ef8b9b638',
35 silly install resolved     _id: 'tsd@0.6.5',
35 silly install resolved     _shasum: '34a0b64c1db6a70b3860fe4f5571d9d1357421ad',
35 silly install resolved     _from: 'tsd@*',
35 silly install resolved     _npmVersion: '2.11.3',
35 silly install resolved     _nodeVersion: '0.12.7',
35 silly install resolved     _npmUser: { name: 'diullei', email: 'diullei@gmail.com' },
35 silly install resolved     dist:
35 silly install resolved      { shasum: '34a0b64c1db6a70b3860fe4f5571d9d1357421ad',
35 silly install resolved        tarball: 'http://registry.npmjs.org/tsd/-/tsd-0.6.5.tgz' },
35 silly install resolved     maintainers: [ [Object], [Object], [Object], [Object] ],
35 silly install resolved     deprecated: 'TSD is deprecated in favor of Typings (https://github.com/typings/typings) - see https://github.com/DefinitelyTyped/tsd/issues/269 for more information',
35 silly install resolved     directories: {},
35 silly install resolved     _resolved: 'https://registry.npmjs.org/tsd/-/tsd-0.6.5.tgz',
35 silly install resolved     readme: 'ERROR: No README data found!' } ]
36 info install tsd@0.6.5 into /Users/petrp/.nvm/v0.10.32/lib
37 info installOne tsd@0.6.5
38 verbose installOne of tsd to /Users/petrp/.nvm/v0.10.32/lib not in flight; installing
39 warn locking Error: EACCES, open '/Users/petrp/.npm/_locks/tsd-7773722e205684ad.lock'
39 warn locking  /Users/petrp/.npm/_locks/tsd-7773722e205684ad.lock failed { [Error: EACCES, open '/Users/petrp/.npm/_locks/tsd-7773722e205684ad.lock']
39 warn locking   errno: 3,
39 warn locking   code: 'EACCES',
39 warn locking   path: '/Users/petrp/.npm/_locks/tsd-7773722e205684ad.lock' }
40 verbose stack Error: Attempt to unlock /Users/petrp/.nvm/v0.10.32/lib/node_modules/tsd, which hasn't been locked
40 verbose stack     at unlock (/Users/petrp/.nvm/v0.10.32/lib/node_modules/npm/lib/utils/locker.js:66:11)
40 verbose stack     at cb (/Users/petrp/.nvm/v0.10.32/lib/node_modules/npm/lib/install.js:1013:5)
40 verbose stack     at /Users/petrp/.nvm/v0.10.32/lib/node_modules/npm/lib/install.js:1017:20
40 verbose stack     at /Users/petrp/.nvm/v0.10.32/lib/node_modules/npm/lib/utils/locker.js:40:9
40 verbose stack     at cb (/Users/petrp/.nvm/v0.10.32/lib/node_modules/npm/node_modules/lockfile/lockfile.js:149:38)
40 verbose stack     at /Users/petrp/.nvm/v0.10.32/lib/node_modules/npm/node_modules/lockfile/lockfile.js:177:38
40 verbose stack     at Object.oncomplete (fs.js:107:15)
41 verbose cwd /Users/petrp/Documents/Projekty/bearWebApi
42 error Darwin 15.3.0
43 error argv "node" "/Users/petrp/.nvm/v0.10.32/bin/npm" "install" "tsd" "-g"
44 error node v0.10.32
45 error npm  v2.7.6
46 error Attempt to unlock /Users/petrp/.nvm/v0.10.32/lib/node_modules/tsd, which hasn't been locked
47 error If you need help, you may report this error at:
47 error     <https://github.com/npm/npm/issues>
48 verbose exit [ 1, true ]
